#
# There is insufficient memory for the Java Runtime Environment to continue.
# Native memory allocation (malloc) failed to allocate 1613296 bytes. Error detail: Chunk::new
# Possible reasons:
#   The system is out of physical RAM or swap space
#   This process is running with CompressedOops enabled, and the Java Heap may be blocking the growth of the native heap
# Possible solutions:
#   Reduce memory load on the system
#   Increase physical memory or swap space
#   Check if swap backing store is full
#   Decrease Java heap size (-Xmx/-Xms)
#   Decrease number of Java threads
#   Decrease Java thread stack sizes (-Xss)
#   Set larger code cache with -XX:ReservedCodeCacheSize=
#   JVM is running with Unscaled Compressed Oops mode in which the Java heap is
#     placed in the first 4GB address space. The Java Heap base address is the
#     maximum limit for the native heap growth. Please use -XX:HeapBaseMinAddress
#     to set the Java Heap base and to place the Java Heap above 4GB virtual address.
# This output file may be truncated or incomplete.
#
#  Out of Memory Error (arena.cpp:191), pid=15424, tid=23172
#
# JRE version: OpenJDK Runtime Environment Temurin-17.0.13+11 (17.0.13+11) (build 17.0.13+11)
# Java VM: OpenJDK 64-Bit Server VM Temurin-17.0.13+11 (17.0.13+11, mixed mode, tiered, compressed oops, compressed class ptrs, parallel gc, windows-amd64)
# No core dump will be written. Minidumps are not enabled by default on client versions of Windows
#

---------------  S U M M A R Y ------------

Command Line: --add-modules=ALL-SYSTEM --add-opens=java.base/java.util=ALL-UNNAMED --add-opens=java.base/java.lang=ALL-UNNAMED --add-opens=java.base/sun.nio.fs=ALL-UNNAMED -Declipse.application=org.eclipse.jdt.ls.core.id1 -Dosgi.bundles.defaultStartLevel=4 -Declipse.product=org.eclipse.jdt.ls.core.product -Djava.import.generatesMetadataFilesAtProjectRoot=false -DDetectVMInstallationsJob.disabled=true -Dfile.encoding=utf8 -XX:+UseParallelGC -XX:GCTimeRatio=4 -XX:AdaptiveSizePolicyWeight=90 -Dsun.zip.disableMemoryMapping=true -Xmx1G -Xms100m -Xlog:disable -javaagent:c:\Users\Jos\.vscode\extensions\redhat.java-1.38.0-win32-x64\lombok\lombok-1.18.34.jar c:\Users\Jos\.vscode\extensions\redhat.java-1.38.0-win32-x64\server\plugins\org.eclipse.equinox.launcher_1.6.900.v20240613-2009.jar -configuration c:\Users\Jos\AppData\Roaming\Code\User\globalStorage\redhat.java\1.38.0\config_ss_win -data c:\Users\Jos\AppData\Roaming\Code\User\workspaceStorage\91726122bba814fcf3484ba94a0258a4\redhat.java\ss_ws --pipe=\\.\pipe\lsp-0fa0b08134ff48293078c1df52bead34-sock

Host: Intel(R) Core(TM) i5-6300HQ CPU @ 2.30GHz, 4 cores, 15G,  Windows 11 , 64 bit Build 22000 (10.0.22000.2836)
Time: Thu Jan  9 03:21:31 2025 Afrique de l, 64 bit Build 22000 (10.0.22000.2836) elapsed time: 7.272486 seconds (0d 0h 0m 7s)

---------------  T H R E A D  ---------------

Current thread (0x00000189d44f5d80):  JavaThread "C2 CompilerThread0" daemon [_thread_in_native, id=23172, stack(0x00000060f5d00000,0x00000060f5e00000)]


Current CompileTask:
C2:   7272 2523       4       org.lombokweb.asm.ClassReader::readMethod (1066 bytes)

Stack: [0x00000060f5d00000,0x00000060f5e00000]
Native frames: (J=compiled Java code, j=interpreted, Vv=VM code, C=native code)
V  [jvm.dll+0x682a19]
V  [jvm.dll+0x839538]
V  [jvm.dll+0x83afe3]
V  [jvm.dll+0x83b653]
V  [jvm.dll+0x24704f]
V  [jvm.dll+0xace34]
V  [jvm.dll+0xad4cc]
V  [jvm.dll+0x36592f]
V  [jvm.dll+0x1ba793]
V  [jvm.dll+0x2181a7]
V  [jvm.dll+0x21748f]
V  [jvm.dll+0x1a3070]
V  [jvm.dll+0x22788c]
V  [jvm.dll+0x2259eb]
V  [jvm.dll+0x7eec98]
V  [jvm.dll+0x7e8ffc]
V  [jvm.dll+0x6818f7]
C  [ucrtbase.dll+0x26c0c]
C  [KERNEL32.DLL+0x153e0]
C  [ntdll.dll+0x485b]


---------------  P R O C E S S  ---------------

Threads class SMR info:
_java_thread_list=0x00000189da2f0de0, length=21, elements={
0x00000189c067a9f0, 0x00000189c0728f80, 0x00000189c072a3b0, 0x00000189d44d26b0,
0x00000189d44f0420, 0x00000189d44f34b0, 0x00000189d44f4fe0, 0x00000189d44f5d80,
0x00000189d450e5f0, 0x00000189d96d0880, 0x00000189d97d47e0, 0x00000189d9941900,
0x00000189da2745b0, 0x00000189da197470, 0x00000189d9b61e40, 0x00000189d9b62350,
0x00000189d9b61420, 0x00000189d9b5fad0, 0x00000189d9b5f5c0, 0x00000189d9b5ffe0,
0x00000189d9b604f0
}

Java Threads: ( => current thread )
  0x00000189c067a9f0 JavaThread "main" [_thread_blocked, id=17128, stack(0x00000060f5400000,0x00000060f5500000)]
  0x00000189c0728f80 JavaThread "Reference Handler" daemon [_thread_blocked, id=4524, stack(0x00000060f5700000,0x00000060f5800000)]
  0x00000189c072a3b0 JavaThread "Finalizer" daemon [_thread_blocked, id=9324, stack(0x00000060f5800000,0x00000060f5900000)]
  0x00000189d44d26b0 JavaThread "Signal Dispatcher" daemon [_thread_blocked, id=6816, stack(0x00000060f5900000,0x00000060f5a00000)]
  0x00000189d44f0420 JavaThread "Attach Listener" daemon [_thread_blocked, id=19860, stack(0x00000060f5a00000,0x00000060f5b00000)]
  0x00000189d44f34b0 JavaThread "Service Thread" daemon [_thread_blocked, id=16536, stack(0x00000060f5b00000,0x00000060f5c00000)]
  0x00000189d44f4fe0 JavaThread "Monitor Deflation Thread" daemon [_thread_blocked, id=22972, stack(0x00000060f5c00000,0x00000060f5d00000)]
=>0x00000189d44f5d80 JavaThread "C2 CompilerThread0" daemon [_thread_in_native, id=23172, stack(0x00000060f5d00000,0x00000060f5e00000)]
  0x00000189d450e5f0 JavaThread "C1 CompilerThread0" daemon [_thread_blocked, id=27024, stack(0x00000060f5e00000,0x00000060f5f00000)]
  0x00000189d96d0880 JavaThread "Sweeper thread" daemon [_thread_blocked, id=24272, stack(0x00000060f5f00000,0x00000060f6000000)]
  0x00000189d97d47e0 JavaThread "Common-Cleaner" daemon [_thread_blocked, id=25848, stack(0x00000060f6000000,0x00000060f6100000)]
  0x00000189d9941900 JavaThread "Notification Thread" daemon [_thread_blocked, id=26028, stack(0x00000060f6100000,0x00000060f6200000)]
  0x00000189da2745b0 JavaThread "Active Thread: Equinox Container: 8b4bb36b-35e2-4467-b096-7f8e7fedbc57" [_thread_blocked, id=21448, stack(0x00000060f6700000,0x00000060f6800000)]
  0x00000189da197470 JavaThread "Framework Event Dispatcher: Equinox Container: 8b4bb36b-35e2-4467-b096-7f8e7fedbc57" daemon [_thread_blocked, id=8280, stack(0x00000060f6800000,0x00000060f6900000)]
  0x00000189d9b61e40 JavaThread "Start Level: Equinox Container: 8b4bb36b-35e2-4467-b096-7f8e7fedbc57" daemon [_thread_in_vm, id=25692, stack(0x00000060f6900000,0x00000060f6a00000)]
  0x00000189d9b62350 JavaThread "SCR Component Actor" daemon [_thread_blocked, id=24932, stack(0x00000060f6a00000,0x00000060f6b00000)]
  0x00000189d9b61420 JavaThread "SCR Component Registry" daemon [_thread_blocked, id=20844, stack(0x00000060f6600000,0x00000060f6700000)]
  0x00000189d9b5fad0 JavaThread "Worker-JM" [_thread_blocked, id=22076, stack(0x00000060f6b00000,0x00000060f6c00000)]
  0x00000189d9b5f5c0 JavaThread "JNA Cleaner" daemon [_thread_blocked, id=21800, stack(0x00000060f6c00000,0x00000060f6d00000)]
  0x00000189d9b5ffe0 JavaThread "Worker-0" [_thread_blocked, id=25828, stack(0x00000060f6d00000,0x00000060f6e00000)]
  0x00000189d9b604f0 JavaThread "Worker-1" [_thread_blocked, id=16016, stack(0x00000060f6e00000,0x00000060f6f00000)]

Other Threads:
  0x00000189c0702e10 VMThread "VM Thread" [stack: 0x00000060f5600000,0x00000060f5700000] [id=24916]
  0x00000189d993f3b0 WatcherThread [stack: 0x00000060f6200000,0x00000060f6300000] [id=22984]
  0x00000189c068f810 GCTaskThread "GC Thread#0" [stack: 0x00000060f5500000,0x00000060f5600000] [id=9228]
  0x00000189d9a61080 GCTaskThread "GC Thread#1" [stack: 0x00000060f6300000,0x00000060f6400000] [id=24472]
  0x00000189d9a61750 GCTaskThread "GC Thread#2" [stack: 0x00000060f6400000,0x00000060f6500000] [id=14716]
  0x00000189d9a61a10 GCTaskThread "GC Thread#3" [stack: 0x00000060f6500000,0x00000060f6600000] [id=21404]

Threads with active compile tasks:
C2 CompilerThread0     7320 2523       4       org.lombokweb.asm.ClassReader::readMethod (1066 bytes)

VM state: not at safepoint (normal execution)

VM Mutex/Monitor currently owned by a thread: None

Heap address: 0x00000000c0000000, size: 1024 MB, Compressed Oops mode: 32-bit

CDS archive(s) not mapped
Compressed class space mapped at: 0x0000000100000000-0x0000000140000000, reserved size: 1073741824
Narrow klass base: 0x0000000000000000, Narrow klass shift: 3, Narrow klass range: 0x140000000

GC Precious Log:
 CPUs: 4 total, 4 available
 Memory: 16258M
 Large Page Support: Disabled
 NUMA Support: Disabled
 Compressed Oops: Enabled (32-bit)
 Alignments: Space 512K, Generation 512K, Heap 2M
 Heap Min Capacity: 100M
 Heap Initial Capacity: 100M
 Heap Max Capacity: 1G
 Pre-touch: Disabled
 Parallel Workers: 4

Heap:
 PSYoungGen      total 27648K, used 13830K [0x00000000eab00000, 0x00000000eca80000, 0x0000000100000000)
  eden space 24576K, 44% used [0x00000000eab00000,0x00000000eb5b5070,0x00000000ec300000)
  from space 3072K, 93% used [0x00000000ec780000,0x00000000eca4c970,0x00000000eca80000)
  to   space 3072K, 0% used [0x00000000ec480000,0x00000000ec480000,0x00000000ec780000)
 ParOldGen       total 68608K, used 7367K [0x00000000c0000000, 0x00000000c4300000, 0x00000000eab00000)
  object space 68608K, 10% used [0x00000000c0000000,0x00000000c0731ca0,0x00000000c4300000)
 Metaspace       used 28556K, committed 29056K, reserved 1114112K
  class space    used 2773K, committed 3008K, reserved 1048576K

Card table byte_map: [0x00000189c0070000,0x00000189c0280000] _byte_map_base: 0x00000189bfa70000

Marking Bits: (ParMarkBitMap*) 0x00007ff90af76940
 Begin Bits: [0x00000189d2310000, 0x00000189d3310000)
 End Bits:   [0x00000189d3310000, 0x00000189d4310000)

Polling page: 0x00000189bfe60000

Metaspace:

Usage:
  Non-class:     25.18 MB used.
      Class:      2.71 MB used.
       Both:     27.89 MB used.

Virtual space:
  Non-class space:       64.00 MB reserved,      25.44 MB ( 40%) committed,  1 nodes.
      Class space:        1.00 GB reserved,       2.94 MB ( <1%) committed,  1 nodes.
             Both:        1.06 GB reserved,      28.38 MB (  3%) committed. 

Chunk freelists:
   Non-Class:  6.45 MB
       Class:  13.10 MB
        Both:  19.55 MB

MaxMetaspaceSize: unlimited
CompressedClassSpaceSize: 1.00 GB
Initial GC threshold: 21.00 MB
Current GC threshold: 35.00 MB
CDS: off
MetaspaceReclaimPolicy: balanced
 - commit_granule_bytes: 65536.
 - commit_granule_words: 8192.
 - virtual_space_node_default_size: 8388608.
 - enlarge_chunks_in_place: 1.
 - new_chunks_are_fully_committed: 0.
 - uncommit_free_chunks: 1.
 - use_allocation_guard: 0.
 - handle_deallocations: 1.


Internal statistics:

num_allocs_failed_limit: 3.
num_arena_births: 302.
num_arena_deaths: 14.
num_vsnodes_births: 2.
num_vsnodes_deaths: 0.
num_space_committed: 454.
num_space_uncommitted: 0.
num_chunks_returned_to_freelist: 17.
num_chunks_taken_from_freelist: 1076.
num_chunk_merges: 5.
num_chunk_splits: 709.
num_chunks_enlarged: 488.
num_inconsistent_stats: 0.

CodeHeap 'non-profiled nmethods': size=120000Kb used=1027Kb max_used=1027Kb free=118972Kb
 bounds [0x00000189cade0000, 0x00000189cb050000, 0x00000189d2310000]
CodeHeap 'profiled nmethods': size=120000Kb used=5048Kb max_used=5048Kb free=114951Kb
 bounds [0x00000189c3310000, 0x00000189c3800000, 0x00000189ca840000]
CodeHeap 'non-nmethods': size=5760Kb used=1235Kb max_used=1237Kb free=4525Kb
 bounds [0x00000189ca840000, 0x00000189caab0000, 0x00000189cade0000]
 total_blobs=3113 nmethods=2561 adapters=466
 compilation: enabled
              stopped_count=0, restarted_count=0
 full_count=0

Compilation events (20 events):
Event: 7.125 Thread 0x00000189d450e5f0 2529 %     3       org.lombokweb.asm.SymbolTable::<init> @ 98 (536 bytes)
Event: 7.128 Thread 0x00000189d450e5f0 nmethod 2529% 0x00000189c37dce90 code [0x00000189c37dd440, 0x00000189c37dff48]
Event: 7.128 Thread 0x00000189d450e5f0 2530       3       org.lombokweb.asm.ByteVector::put11 (52 bytes)
Event: 7.128 Thread 0x00000189d450e5f0 nmethod 2530 0x00000189c37e1110 code [0x00000189c37e12c0, 0x00000189c37e14c8]
Event: 7.128 Thread 0x00000189d450e5f0 2532       3       org.lombokweb.asm.MethodVisitor::visitInsn (16 bytes)
Event: 7.129 Thread 0x00000189d450e5f0 nmethod 2532 0x00000189c37e1610 code [0x00000189c37e17c0, 0x00000189c37e19c8]
Event: 7.129 Thread 0x00000189d450e5f0 2531       1       lombok.patcher.MethodLogistics::getReturnOpcode (5 bytes)
Event: 7.129 Thread 0x00000189d450e5f0 nmethod 2531 0x00000189caee0a90 code [0x00000189caee0c20, 0x00000189caee0cf8]
Event: 7.157 Thread 0x00000189d450e5f0 2533       3       org.lombokweb.asm.SymbolTable::<init> (536 bytes)
Event: 7.160 Thread 0x00000189d450e5f0 nmethod 2533 0x00000189c37e1a90 code [0x00000189c37e2020, 0x00000189c37e4828]
Event: 7.160 Thread 0x00000189d450e5f0 2534       3       org.lombokweb.asm.Label::addForwardReference (102 bytes)
Event: 7.160 Thread 0x00000189d450e5f0 nmethod 2534 0x00000189c37e5990 code [0x00000189c37e5b40, 0x00000189c37e5fa8]
Event: 7.160 Thread 0x00000189d450e5f0 2535       3       org.lombokweb.asm.MethodVisitor::visitJumpInsn (17 bytes)
Event: 7.160 Thread 0x00000189d450e5f0 nmethod 2535 0x00000189c37e6190 code [0x00000189c37e6340, 0x00000189c37e6548]
Event: 7.163 Thread 0x00000189d450e5f0 2537   !   3       java.util.regex.Pattern::matcher (44 bytes)
Event: 7.164 Thread 0x00000189d450e5f0 nmethod 2537 0x00000189c37e6610 code [0x00000189c37e67c0, 0x00000189c37e6b18]
Event: 7.164 Thread 0x00000189d450e5f0 2538       3       java.util.regex.Matcher::<init> (95 bytes)
Event: 7.164 Thread 0x00000189d450e5f0 nmethod 2538 0x00000189c37e6c90 code [0x00000189c37e6e60, 0x00000189c37e7308]
Event: 7.223 Thread 0x00000189d450e5f0 2540       3       java.lang.String::subSequence (7 bytes)
Event: 7.223 Thread 0x00000189d450e5f0 nmethod 2540 0x00000189c37e7490 code [0x00000189c37e7620, 0x00000189c37e7768]

GC Heap History (12 events):
Event: 2.653 GC heap before
{Heap before GC invocations=1 (full 0):
 PSYoungGen      total 29696K, used 25600K [0x00000000eab00000, 0x00000000ecc00000, 0x0000000100000000)
  eden space 25600K, 100% used [0x00000000eab00000,0x00000000ec400000,0x00000000ec400000)
  from space 4096K, 0% used [0x00000000ec800000,0x00000000ec800000,0x00000000ecc00000)
  to   space 4096K, 0% used [0x00000000ec400000,0x00000000ec400000,0x00000000ec800000)
 ParOldGen       total 68608K, used 0K [0x00000000c0000000, 0x00000000c4300000, 0x00000000eab00000)
  object space 68608K, 0% used [0x00000000c0000000,0x00000000c0000000,0x00000000c4300000)
 Metaspace       used 10955K, committed 11136K, reserved 1114112K
  class space    used 1088K, committed 1216K, reserved 1048576K
}
Event: 2.792 GC heap after
{Heap after GC invocations=1 (full 0):
 PSYoungGen      total 29696K, used 3182K [0x00000000eab00000, 0x00000000ecc00000, 0x0000000100000000)
  eden space 25600K, 0% used [0x00000000eab00000,0x00000000eab00000,0x00000000ec400000)
  from space 4096K, 77% used [0x00000000ec400000,0x00000000ec71b980,0x00000000ec800000)
  to   space 4096K, 0% used [0x00000000ec800000,0x00000000ec800000,0x00000000ecc00000)
 ParOldGen       total 68608K, used 0K [0x00000000c0000000, 0x00000000c4300000, 0x00000000eab00000)
  object space 68608K, 0% used [0x00000000c0000000,0x00000000c0000000,0x00000000c4300000)
 Metaspace       used 10955K, committed 11136K, reserved 1114112K
  class space    used 1088K, committed 1216K, reserved 1048576K
}
Event: 4.014 GC heap before
{Heap before GC invocations=2 (full 0):
 PSYoungGen      total 29696K, used 28782K [0x00000000eab00000, 0x00000000ecc00000, 0x0000000100000000)
  eden space 25600K, 100% used [0x00000000eab00000,0x00000000ec400000,0x00000000ec400000)
  from space 4096K, 77% used [0x00000000ec400000,0x00000000ec71b980,0x00000000ec800000)
  to   space 4096K, 0% used [0x00000000ec800000,0x00000000ec800000,0x00000000ecc00000)
 ParOldGen       total 68608K, used 0K [0x00000000c0000000, 0x00000000c4300000, 0x00000000eab00000)
  object space 68608K, 0% used [0x00000000c0000000,0x00000000c0000000,0x00000000c4300000)
 Metaspace       used 14659K, committed 14848K, reserved 1114112K
  class space    used 1485K, committed 1536K, reserved 1048576K
}
Event: 4.019 GC heap after
{Heap after GC invocations=2 (full 0):
 PSYoungGen      total 29696K, used 4074K [0x00000000eab00000, 0x00000000ecc00000, 0x0000000100000000)
  eden space 25600K, 0% used [0x00000000eab00000,0x00000000eab00000,0x00000000ec400000)
  from space 4096K, 99% used [0x00000000ec800000,0x00000000ecbfa9a8,0x00000000ecc00000)
  to   space 4096K, 0% used [0x00000000ec400000,0x00000000ec400000,0x00000000ec800000)
 ParOldGen       total 68608K, used 832K [0x00000000c0000000, 0x00000000c4300000, 0x00000000eab00000)
  object space 68608K, 1% used [0x00000000c0000000,0x00000000c00d0340,0x00000000c4300000)
 Metaspace       used 14659K, committed 14848K, reserved 1114112K
  class space    used 1485K, committed 1536K, reserved 1048576K
}
Event: 4.810 GC heap before
{Heap before GC invocations=3 (full 0):
 PSYoungGen      total 29696K, used 29674K [0x00000000eab00000, 0x00000000ecc00000, 0x0000000100000000)
  eden space 25600K, 100% used [0x00000000eab00000,0x00000000ec400000,0x00000000ec400000)
  from space 4096K, 99% used [0x00000000ec800000,0x00000000ecbfa9a8,0x00000000ecc00000)
  to   space 4096K, 0% used [0x00000000ec400000,0x00000000ec400000,0x00000000ec800000)
 ParOldGen       total 68608K, used 832K [0x00000000c0000000, 0x00000000c4300000, 0x00000000eab00000)
  object space 68608K, 1% used [0x00000000c0000000,0x00000000c00d0340,0x00000000c4300000)
 Metaspace       used 19683K, committed 20096K, reserved 1114112K
  class space    used 2012K, committed 2176K, reserved 1048576K
}
Event: 4.815 GC heap after
{Heap after GC invocations=3 (full 0):
 PSYoungGen      total 29696K, used 4067K [0x00000000eab00000, 0x00000000ecc00000, 0x0000000100000000)
  eden space 25600K, 0% used [0x00000000eab00000,0x00000000eab00000,0x00000000ec400000)
  from space 4096K, 99% used [0x00000000ec400000,0x00000000ec7f8c40,0x00000000ec800000)
  to   space 4096K, 0% used [0x00000000ec800000,0x00000000ec800000,0x00000000ecc00000)
 ParOldGen       total 68608K, used 2586K [0x00000000c0000000, 0x00000000c4300000, 0x00000000eab00000)
  object space 68608K, 3% used [0x00000000c0000000,0x00000000c0286bb0,0x00000000c4300000)
 Metaspace       used 19683K, committed 20096K, reserved 1114112K
  class space    used 2012K, committed 2176K, reserved 1048576K
}
Event: 5.009 GC heap before
{Heap before GC invocations=4 (full 0):
 PSYoungGen      total 29696K, used 11945K [0x00000000eab00000, 0x00000000ecc00000, 0x0000000100000000)
  eden space 25600K, 30% used [0x00000000eab00000,0x00000000eb2b1950,0x00000000ec400000)
  from space 4096K, 99% used [0x00000000ec400000,0x00000000ec7f8c40,0x00000000ec800000)
  to   space 4096K, 0% used [0x00000000ec800000,0x00000000ec800000,0x00000000ecc00000)
 ParOldGen       total 68608K, used 2586K [0x00000000c0000000, 0x00000000c4300000, 0x00000000eab00000)
  object space 68608K, 3% used [0x00000000c0000000,0x00000000c0286bb0,0x00000000c4300000)
 Metaspace       used 21059K, committed 21504K, reserved 1114112K
  class space    used 2152K, committed 2368K, reserved 1048576K
}
Event: 5.013 GC heap after
{Heap after GC invocations=4 (full 0):
 PSYoungGen      total 29696K, used 4080K [0x00000000eab00000, 0x00000000ecc00000, 0x0000000100000000)
  eden space 25600K, 0% used [0x00000000eab00000,0x00000000eab00000,0x00000000ec400000)
  from space 4096K, 99% used [0x00000000ec800000,0x00000000ecbfc2f0,0x00000000ecc00000)
  to   space 4096K, 0% used [0x00000000ec400000,0x00000000ec400000,0x00000000ec800000)
 ParOldGen       total 68608K, used 3415K [0x00000000c0000000, 0x00000000c4300000, 0x00000000eab00000)
  object space 68608K, 4% used [0x00000000c0000000,0x00000000c0355ea8,0x00000000c4300000)
 Metaspace       used 21059K, committed 21504K, reserved 1114112K
  class space    used 2152K, committed 2368K, reserved 1048576K
}
Event: 5.013 GC heap before
{Heap before GC invocations=5 (full 1):
 PSYoungGen      total 29696K, used 4080K [0x00000000eab00000, 0x00000000ecc00000, 0x0000000100000000)
  eden space 25600K, 0% used [0x00000000eab00000,0x00000000eab00000,0x00000000ec400000)
  from space 4096K, 99% used [0x00000000ec800000,0x00000000ecbfc2f0,0x00000000ecc00000)
  to   space 4096K, 0% used [0x00000000ec400000,0x00000000ec400000,0x00000000ec800000)
 ParOldGen       total 68608K, used 3415K [0x00000000c0000000, 0x00000000c4300000, 0x00000000eab00000)
  object space 68608K, 4% used [0x00000000c0000000,0x00000000c0355ea8,0x00000000c4300000)
 Metaspace       used 21059K, committed 21504K, reserved 1114112K
  class space    used 2152K, committed 2368K, reserved 1048576K
}
Event: 5.036 GC heap after
{Heap after GC invocations=5 (full 1):
 PSYoungGen      total 29696K, used 0K [0x00000000eab00000, 0x00000000ecc00000, 0x0000000100000000)
  eden space 25600K, 0% used [0x00000000eab00000,0x00000000eab00000,0x00000000ec400000)
  from space 4096K, 0% used [0x00000000ec800000,0x00000000ec800000,0x00000000ecc00000)
  to   space 4096K, 0% used [0x00000000ec400000,0x00000000ec400000,0x00000000ec800000)
 ParOldGen       total 68608K, used 7359K [0x00000000c0000000, 0x00000000c4300000, 0x00000000eab00000)
  object space 68608K, 10% used [0x00000000c0000000,0x00000000c072fca0,0x00000000c4300000)
 Metaspace       used 21046K, committed 21504K, reserved 1114112K
  class space    used 2149K, committed 2368K, reserved 1048576K
}
Event: 6.585 GC heap before
{Heap before GC invocations=6 (full 1):
 PSYoungGen      total 29696K, used 25600K [0x00000000eab00000, 0x00000000ecc00000, 0x0000000100000000)
  eden space 25600K, 100% used [0x00000000eab00000,0x00000000ec400000,0x00000000ec400000)
  from space 4096K, 0% used [0x00000000ec800000,0x00000000ec800000,0x00000000ecc00000)
  to   space 4096K, 0% used [0x00000000ec400000,0x00000000ec400000,0x00000000ec800000)
 ParOldGen       total 68608K, used 7359K [0x00000000c0000000, 0x00000000c4300000, 0x00000000eab00000)
  object space 68608K, 10% used [0x00000000c0000000,0x00000000c072fca0,0x00000000c4300000)
 Metaspace       used 24098K, committed 24640K, reserved 1114112K
  class space    used 2459K, committed 2688K, reserved 1048576K
}
Event: 6.587 GC heap after
{Heap after GC invocations=6 (full 1):
 PSYoungGen      total 28160K, used 2742K [0x00000000eab00000, 0x00000000ecb80000, 0x0000000100000000)
  eden space 25088K, 0% used [0x00000000eab00000,0x00000000eab00000,0x00000000ec380000)
  from space 3072K, 89% used [0x00000000ec400000,0x00000000ec6adaf8,0x00000000ec700000)
  to   space 4096K, 0% used [0x00000000ec780000,0x00000000ec780000,0x00000000ecb80000)
 ParOldGen       total 68608K, used 7367K [0x00000000c0000000, 0x00000000c4300000, 0x00000000eab00000)
  object space 68608K, 10% used [0x00000000c0000000,0x00000000c0731ca0,0x00000000c4300000)
 Metaspace       used 24098K, committed 24640K, reserved 1114112K
  class space    used 2459K, committed 2688K, reserved 1048576K
}

Dll operation events (10 events):
Event: 0.073 Loaded shared library c:\Users\Jos\.vscode\extensions\redhat.java-1.38.0-win32-x64\jre\17.0.13-win32-x86_64\bin\java.dll
Event: 0.521 Loaded shared library c:\Users\Jos\.vscode\extensions\redhat.java-1.38.0-win32-x64\jre\17.0.13-win32-x86_64\bin\zip.dll
Event: 0.535 Loaded shared library C:\Users\Jos\.vscode\extensions\redhat.java-1.38.0-win32-x64\jre\17.0.13-win32-x86_64\bin\instrument.dll
Event: 0.583 Loaded shared library C:\Users\Jos\.vscode\extensions\redhat.java-1.38.0-win32-x64\jre\17.0.13-win32-x86_64\bin\net.dll
Event: 0.589 Loaded shared library C:\Users\Jos\.vscode\extensions\redhat.java-1.38.0-win32-x64\jre\17.0.13-win32-x86_64\bin\nio.dll
Event: 0.651 Loaded shared library C:\Users\Jos\.vscode\extensions\redhat.java-1.38.0-win32-x64\jre\17.0.13-win32-x86_64\bin\zip.dll
Event: 0.754 Loaded shared library C:\Users\Jos\.vscode\extensions\redhat.java-1.38.0-win32-x64\jre\17.0.13-win32-x86_64\bin\jimage.dll
Event: 0.954 Loaded shared library c:\Users\Jos\.vscode\extensions\redhat.java-1.38.0-win32-x64\jre\17.0.13-win32-x86_64\bin\verify.dll
Event: 3.853 Loaded shared library C:\Users\Jos\AppData\Roaming\Code\User\globalStorage\redhat.java\1.38.0\config_ss_win\org.eclipse.equinox.launcher\org.eclipse.equinox.launcher.win32.win32.x86_64_1.2.1100.v20240722-2106\eclipse_11904.dll
Event: 5.674 Loaded shared library C:\Users\Jos\AppData\Local\Temp\jna-74670\jna17211251249813177814.dll

Deoptimization events (20 events):
Event: 4.978 Thread 0x00000189d9b61e40 Uncommon trap: trap_request=0xffffff45 fr.pc=0x00000189caebb000 relative=0x00000000000006a0
Event: 4.978 Thread 0x00000189d9b61e40 Uncommon trap: reason=unstable_if action=reinterpret pc=0x00000189caebb000 method=java.io.BufferedInputStream.read([BII)I @ 56 c2
Event: 4.978 Thread 0x00000189d9b61e40 DEOPT PACKING pc=0x00000189caebb000 sp=0x00000060f69f9490
Event: 4.978 Thread 0x00000189d9b61e40 DEOPT UNPACKING pc=0x00000189ca8966a3 sp=0x00000060f69f9468 mode 2
Event: 5.064 Thread 0x00000189d9b61e40 Uncommon trap: trap_request=0xffffff45 fr.pc=0x00000189cae36f00 relative=0x0000000000000700
Event: 5.064 Thread 0x00000189d9b61e40 Uncommon trap: reason=unstable_if action=reinterpret pc=0x00000189cae36f00 method=java.lang.String.replace(Ljava/lang/CharSequence;Ljava/lang/CharSequence;)Ljava/lang/String; @ 42 c2
Event: 5.064 Thread 0x00000189d9b61e40 DEOPT PACKING pc=0x00000189cae36f00 sp=0x00000060f69f7b60
Event: 5.064 Thread 0x00000189d9b61e40 DEOPT UNPACKING pc=0x00000189ca8966a3 sp=0x00000060f69f7af0 mode 2
Event: 5.922 Thread 0x00000189d9b61e40 Uncommon trap: trap_request=0xffffffcc fr.pc=0x00000189caec9ce4 relative=0x0000000000000344
Event: 5.922 Thread 0x00000189d9b61e40 Uncommon trap: reason=intrinsic_or_type_checked_inlining action=make_not_entrant pc=0x00000189caec9ce4 method=java.util.Arrays.copyOf([Ljava/lang/Object;ILjava/lang/Class;)[Ljava/lang/Object; @ 35 c2
Event: 5.922 Thread 0x00000189d9b61e40 DEOPT PACKING pc=0x00000189caec9ce4 sp=0x00000060f69f9770
Event: 5.922 Thread 0x00000189d9b61e40 DEOPT UNPACKING pc=0x00000189ca8966a3 sp=0x00000060f69f9700 mode 2
Event: 6.019 Thread 0x00000189d9b61e40 Uncommon trap: trap_request=0xffffff45 fr.pc=0x00000189cae107c8 relative=0x0000000000000048
Event: 6.019 Thread 0x00000189d9b61e40 Uncommon trap: reason=unstable_if action=reinterpret pc=0x00000189cae107c8 method=java.lang.CharacterData.of(I)Ljava/lang/CharacterData; @ 4 c2
Event: 6.019 Thread 0x00000189d9b61e40 DEOPT PACKING pc=0x00000189cae107c8 sp=0x00000060f69f8ec0
Event: 6.019 Thread 0x00000189d9b61e40 DEOPT UNPACKING pc=0x00000189ca8966a3 sp=0x00000060f69f8e58 mode 2
Event: 6.446 Thread 0x00000189d9b61e40 Uncommon trap: trap_request=0xffffff45 fr.pc=0x00000189caed5208 relative=0x00000000000007c8
Event: 6.446 Thread 0x00000189d9b61e40 Uncommon trap: reason=unstable_if action=reinterpret pc=0x00000189caed5208 method=org.lombokweb.asm.ClassReader.readUTF8(I[C)Ljava/lang/String; @ 11 c2
Event: 6.446 Thread 0x00000189d9b61e40 DEOPT PACKING pc=0x00000189caed5208 sp=0x00000060f69efc40
Event: 6.446 Thread 0x00000189d9b61e40 DEOPT UNPACKING pc=0x00000189ca8966a3 sp=0x00000060f69efc28 mode 2

Classes loaded (20 events):
Event: 6.282 Loading class java/util/zip/GZIPInputStream
Event: 6.282 Loading class java/util/zip/GZIPInputStream done
Event: 6.285 Loading class java/net/SocketTimeoutException
Event: 6.285 Loading class java/io/InterruptedIOException
Event: 6.285 Loading class java/io/InterruptedIOException done
Event: 6.285 Loading class java/net/SocketTimeoutException done
Event: 6.285 Loading class java/net/SocketException
Event: 6.285 Loading class java/net/SocketException done
Event: 6.285 Loading class java/net/UnknownHostException
Event: 6.285 Loading class java/net/UnknownHostException done
Event: 6.285 Loading class java/net/ProtocolException
Event: 6.285 Loading class java/net/ProtocolException done
Event: 6.394 Loading class java/lang/ThreadLocal$SuppliedThreadLocal
Event: 6.394 Loading class java/lang/ThreadLocal$SuppliedThreadLocal done
Event: 6.408 Loading class java/io/FileWriter
Event: 6.408 Loading class java/io/FileWriter done
Event: 6.409 Loading class java/lang/NegativeArraySizeException
Event: 6.409 Loading class java/lang/NegativeArraySizeException done
Event: 6.702 Loading class java/lang/invoke/MethodHandle$1
Event: 6.702 Loading class java/lang/invoke/MethodHandle$1 done

Classes unloaded (7 events):
Event: 5.017 Thread 0x00000189c0702e10 Unloading class 0x0000000100218400 'java/lang/invoke/LambdaForm$MH+0x0000000100218400'
Event: 5.017 Thread 0x00000189c0702e10 Unloading class 0x0000000100218000 'java/lang/invoke/LambdaForm$MH+0x0000000100218000'
Event: 5.017 Thread 0x00000189c0702e10 Unloading class 0x0000000100217c00 'java/lang/invoke/LambdaForm$MH+0x0000000100217c00'
Event: 5.017 Thread 0x00000189c0702e10 Unloading class 0x0000000100217800 'java/lang/invoke/LambdaForm$MH+0x0000000100217800'
Event: 5.017 Thread 0x00000189c0702e10 Unloading class 0x0000000100217400 'java/lang/invoke/LambdaForm$BMH+0x0000000100217400'
Event: 5.017 Thread 0x00000189c0702e10 Unloading class 0x0000000100217000 'java/lang/invoke/LambdaForm$DMH+0x0000000100217000'
Event: 5.017 Thread 0x00000189c0702e10 Unloading class 0x0000000100214400 'java/lang/invoke/LambdaForm$DMH+0x0000000100214400'

Classes redefined (0 events):
No events

Internal exceptions (20 events):
Event: 4.806 Thread 0x00000189d9b61e40 Exception <a 'java/io/FileNotFoundException'{0x00000000ec39d100}> (0x00000000ec39d100) 
thrown [s\src\hotspot\share\prims\jni.cpp, line 516]
Event: 4.806 Thread 0x00000189d9b61e40 Exception <a 'java/io/FileNotFoundException'{0x00000000ec3bc8f8}> (0x00000000ec3bc8f8) 
thrown [s\src\hotspot\share\prims\jni.cpp, line 516]
Event: 4.925 Thread 0x00000189d9b61e40 Exception <a 'java/lang/NoSuchMethodError'{0x00000000eae020e8}: 'java.lang.Object java.lang.invoke.DirectMethodHandle$Holder.newInvokeSpecial(java.lang.Object, java.lang.Object, java.lang.Object, java.lang.Object, java.lang.Object)'> (0x00000000eae020e8) 
thrown [s\src\hotspot\share\interpreter\linkResolver.cpp, line 759]
Event: 4.965 Thread 0x00000189d9b61e40 Exception <a 'java/lang/NoSuchMethodError'{0x00000000eb06c108}: 'java.lang.Object java.lang.invoke.DirectMethodHandle$Holder.invokeStaticInit(java.lang.Object, int)'> (0x00000000eb06c108) 
thrown [s\src\hotspot\share\interpreter\linkResolver.cpp, line 759]
Event: 5.068 Thread 0x00000189d9b61e40 Exception <a 'java/lang/NoSuchMethodError'{0x00000000eabf3570}: 'java.lang.Object java.lang.invoke.DirectMethodHandle$Holder.invokeStaticInit(java.lang.Object, int, int, int, int)'> (0x00000000eabf3570) 
thrown [s\src\hotspot\share\interpreter\linkResolver.cpp, line 759]
Event: 5.364 Thread 0x00000189d9b61e40 Exception <a 'java/lang/NoSuchMethodError'{0x00000000eacffb58}: 'java.lang.Object java.lang.invoke.DirectMethodHandle$Holder.invokeStaticInit(java.lang.Object, java.lang.Object, int, int, int, int)'> (0x00000000eacffb58) 
thrown [s\src\hotspot\share\interpreter\linkResolver.cpp, line 759]
Event: 5.928 Thread 0x00000189d9b61e40 Exception <a 'java/lang/NoSuchMethodError'{0x00000000eaff09b8}: 'java.lang.Object java.lang.invoke.DirectMethodHandle$Holder.invokeSpecial(java.lang.Object, java.lang.Object, java.lang.Object, long, java.lang.Object)'> (0x00000000eaff09b8) 
thrown [s\src\hotspot\share\interpreter\linkResolver.cpp, line 759]
Event: 5.929 Thread 0x00000189d9b61e40 Exception <a 'java/lang/NoSuchMethodError'{0x00000000eaff8b70}: 'java.lang.Object java.lang.invoke.DirectMethodHandle$Holder.newInvokeSpecial(java.lang.Object, java.lang.Object, java.lang.Object, long)'> (0x00000000eaff8b70) 
thrown [s\src\hotspot\share\interpreter\linkResolver.cpp, line 759]
Event: 5.930 Thread 0x00000189d9b61e40 Exception <a 'java/lang/NoSuchMethodError'{0x00000000eaffd110}: 'java.lang.Object java.lang.invoke.DirectMethodHandle$Holder.invokeSpecial(java.lang.Object, java.lang.Object, java.lang.Object, java.lang.Object, long)'> (0x00000000eaffd110) 
thrown [s\src\hotspot\share\interpreter\linkResolver.cpp, line 759]
Event: 5.930 Thread 0x00000189d9b61e40 Exception <a 'java/lang/NoSuchMethodError'{0x00000000eb000f88}: 'java.lang.Object java.lang.invoke.Invokers$Holder.linkToTargetMethod(java.lang.Object, java.lang.Object, long, java.lang.Object)'> (0x00000000eb000f88) 
thrown [s\src\hotspot\share\interpreter\linkResolver.cpp, line 759]
Event: 5.938 Thread 0x00000189d9b61e40 Exception <a 'java/lang/NoSuchMethodError'{0x00000000eb054e38}: 'int java.lang.invoke.DirectMethodHandle$Holder.invokeStaticInit(java.lang.Object, java.lang.Object, java.lang.Object)'> (0x00000000eb054e38) 
thrown [s\src\hotspot\share\interpreter\linkResolver.cpp, line 759]
Event: 6.049 Thread 0x00000189d9b61e40 Exception <a 'java/lang/IncompatibleClassChangeError'{0x00000000eb2a9100}: Found class java.lang.Object, but interface was expected> (0x00000000eb2a9100) 
thrown [s\src\hotspot\share\interpreter\linkResolver.cpp, line 826]
Event: 6.058 Thread 0x00000189d9b61e40 Exception <a 'java/lang/NoSuchMethodError'{0x00000000eb2c03e0}: 'java.lang.Object java.lang.invoke.DirectMethodHandle$Holder.invokeSpecial(java.lang.Object, java.lang.Object, java.lang.Object, int, java.lang.Object, java.lang.Object)'> (0x00000000eb2c03e0) 
thrown [s\src\hotspot\share\interpreter\linkResolver.cpp, line 759]
Event: 6.059 Thread 0x00000189d9b61e40 Exception <a 'java/lang/NoSuchMethodError'{0x00000000eb2c8b68}: 'java.lang.Object java.lang.invoke.DirectMethodHandle$Holder.newInvokeSpecial(java.lang.Object, java.lang.Object, java.lang.Object, int, java.lang.Object)'> (0x00000000eb2c8b68) 
thrown [s\src\hotspot\share\interpreter\linkResolver.cpp, line 759]
Event: 6.060 Thread 0x00000189d9b61e40 Exception <a 'java/lang/NoSuchMethodError'{0x00000000eb2ccfc0}: 'java.lang.Object java.lang.invoke.DirectMethodHandle$Holder.invokeSpecial(java.lang.Object, java.lang.Object, java.lang.Object, java.lang.Object, int, java.lang.Object)'> (0x00000000eb2ccfc0) 
thrown [s\src\hotspot\share\interpreter\linkResolver.cpp, line 759]
Event: 6.062 Thread 0x00000189d9b5ffe0 Exception <a 'java/lang/NoSuchMethodError'{0x00000000eb069ab0}: 'java.lang.Object java.lang.invoke.DirectMethodHandle$Holder.invokeSpecial(java.lang.Object, java.lang.Object, int, java.lang.Object, java.lang.Object)'> (0x00000000eb069ab0) 
thrown [s\src\hotspot\share\interpreter\linkResolver.cpp, line 759]
Event: 6.063 Thread 0x00000189d9b5ffe0 Exception <a 'java/lang/NoSuchMethodError'{0x00000000eb071180}: 'java.lang.Object java.lang.invoke.DirectMethodHandle$Holder.newInvokeSpecial(java.lang.Object, java.lang.Object, int, java.lang.Object)'> (0x00000000eb071180) 
thrown [s\src\hotspot\share\interpreter\linkResolver.cpp, line 759]
Event: 6.064 Thread 0x00000189d9b5ffe0 Exception <a 'java/lang/NoSuchMethodError'{0x00000000eb074c90}: 'java.lang.Object java.lang.invoke.DirectMethodHandle$Holder.invokeSpecial(java.lang.Object, java.lang.Object, java.lang.Object, int, java.lang.Object)'> (0x00000000eb074c90) 
thrown [s\src\hotspot\share\interpreter\linkResolver.cpp, line 759]
Event: 6.172 Thread 0x00000189d9b61e40 Exception <a 'java/lang/NoSuchMethodError'{0x00000000eb5d00c0}: 'double java.lang.invoke.DirectMethodHandle$Holder.invokeStatic(java.lang.Object, java.lang.Object)'> (0x00000000eb5d00c0) 
thrown [s\src\hotspot\share\interpreter\linkResolver.cpp, line 759]
Event: 6.173 Thread 0x00000189d9b61e40 Exception <a 'java/lang/NoSuchMethodError'{0x00000000eb5d39d8}: 'double java.lang.invoke.DirectMethodHandle$Holder.invokeStaticInit(java.lang.Object, java.lang.Object)'> (0x00000000eb5d39d8) 
thrown [s\src\hotspot\share\interpreter\linkResolver.cpp, line 759]

VM Operations (20 events):
Event: 4.014 Executing VM operation: ParallelGCFailedAllocation
Event: 4.019 Executing VM operation: ParallelGCFailedAllocation done
Event: 4.432 Executing VM operation: HandshakeAllThreads
Event: 4.432 Executing VM operation: HandshakeAllThreads done
Event: 4.676 Executing VM operation: HandshakeAllThreads
Event: 4.677 Executing VM operation: HandshakeAllThreads done
Event: 4.810 Executing VM operation: ParallelGCFailedAllocation
Event: 4.815 Executing VM operation: ParallelGCFailedAllocation done
Event: 5.009 Executing VM operation: CollectForMetadataAllocation
Event: 5.036 Executing VM operation: CollectForMetadataAllocation done
Event: 5.080 Executing VM operation: HandshakeAllThreads
Event: 5.080 Executing VM operation: HandshakeAllThreads done
Event: 5.686 Executing VM operation: HandshakeAllThreads
Event: 5.686 Executing VM operation: HandshakeAllThreads done
Event: 6.005 Executing VM operation: HandshakeAllThreads
Event: 6.005 Executing VM operation: HandshakeAllThreads done
Event: 6.020 Executing VM operation: HandshakeAllThreads
Event: 6.020 Executing VM operation: HandshakeAllThreads done
Event: 6.585 Executing VM operation: ParallelGCFailedAllocation
Event: 6.587 Executing VM operation: ParallelGCFailedAllocation done

Memory protections (0 events):
No events

Nmethod flushes (0 events):
No events

Events (20 events):
Event: 0.293 Thread 0x00000189c067a9f0 Thread added: 0x00000189d44f34b0
Event: 0.294 Thread 0x00000189c067a9f0 Thread added: 0x00000189d44f4fe0
Event: 0.294 Thread 0x00000189c067a9f0 Thread added: 0x00000189d44f5d80
Event: 0.305 Thread 0x00000189c067a9f0 Thread added: 0x00000189d450e5f0
Event: 0.312 Thread 0x00000189c067a9f0 Thread added: 0x00000189d96d0880
Event: 0.454 Thread 0x00000189c067a9f0 Thread added: 0x00000189d97d47e0
Event: 1.184 Thread 0x00000189c067a9f0 Thread added: 0x00000189d9941900
Event: 1.192 Thread 0x00000189d450e5f0 Thread added: 0x00000189d9a27810
Event: 2.114 Thread 0x00000189d9a27810 Thread exited: 0x00000189d9a27810
Event: 3.064 Thread 0x00000189d450e5f0 Thread added: 0x00000189d9bb53c0
Event: 3.477 Thread 0x00000189c067a9f0 Thread added: 0x00000189da2745b0
Event: 3.843 Thread 0x00000189c067a9f0 Thread added: 0x00000189da197470
Event: 3.850 Thread 0x00000189c067a9f0 Thread added: 0x00000189d9b61e40
Event: 3.894 Thread 0x00000189d9b61e40 Thread added: 0x00000189d9b62350
Event: 4.053 Thread 0x00000189d9bb53c0 Thread exited: 0x00000189d9bb53c0
Event: 4.174 Thread 0x00000189d9b61e40 Thread added: 0x00000189d9b61420
Event: 4.529 Thread 0x00000189d9b61e40 Thread added: 0x00000189d9b5fad0
Event: 5.706 Thread 0x00000189d9b61e40 Thread added: 0x00000189d9b5f5c0
Event: 5.934 Thread 0x00000189d9b61e40 Thread added: 0x00000189d9b5ffe0
Event: 6.069 Thread 0x00000189d9b61e40 Thread added: 0x00000189d9b604f0


Dynamic libraries:
0x00007ff6bbd50000 - 0x00007ff6bbd5e000 	c:\Users\Jos\.vscode\extensions\redhat.java-1.38.0-win32-x64\jre\17.0.13-win32-x86_64\bin\java.exe
0x00007ff981bc0000 - 0x00007ff981dca000 	C:\Windows\SYSTEM32\ntdll.dll
0x00007ff968af0000 - 0x00007ff968b0a000 	C:\Program Files\Avast Software\Avast\aswhook.dll
0x00007ff980a10000 - 0x00007ff980acd000 	C:\Windows\System32\KERNEL32.DLL
0x00007ff97f050000 - 0x00007ff97f3d5000 	C:\Windows\System32\KERNELBASE.dll
0x00007ff97f8f0000 - 0x00007ff97fa01000 	C:\Windows\System32\ucrtbase.dll
0x00007ff969c50000 - 0x00007ff969c67000 	c:\Users\Jos\.vscode\extensions\redhat.java-1.38.0-win32-x64\jre\17.0.13-win32-x86_64\bin\jli.dll
0x00007ff9819d0000 - 0x00007ff981b7c000 	C:\Windows\System32\USER32.dll
0x00007ff97f3e0000 - 0x00007ff97f406000 	C:\Windows\System32\win32u.dll
0x00007ff9817d0000 - 0x00007ff9817f9000 	C:\Windows\System32\GDI32.dll
0x00007ff97f410000 - 0x00007ff97f52c000 	C:\Windows\System32\gdi32full.dll
0x00007ff97f710000 - 0x00007ff97f7ad000 	C:\Windows\System32\msvcp_win.dll
0x00007ff968c70000 - 0x00007ff968c8e000 	c:\Users\Jos\.vscode\extensions\redhat.java-1.38.0-win32-x64\jre\17.0.13-win32-x86_64\bin\VCRUNTIME140.dll
0x00007ff965a00000 - 0x00007ff965ca5000 	C:\Windows\WinSxS\amd64_microsoft.windows.common-controls_6595b64144ccf1df_6.0.22000.2600_none_1b65155c6ae217ae\COMCTL32.dll
0x00007ff981880000 - 0x00007ff981923000 	C:\Windows\System32\msvcrt.dll
0x00007ff981990000 - 0x00007ff9819c1000 	C:\Windows\System32\IMM32.DLL
0x00007ff96af60000 - 0x00007ff96af6c000 	c:\Users\Jos\.vscode\extensions\redhat.java-1.38.0-win32-x64\jre\17.0.13-win32-x86_64\bin\vcruntime140_1.dll
0x00007ff9317f0000 - 0x00007ff93187d000 	c:\Users\Jos\.vscode\extensions\redhat.java-1.38.0-win32-x64\jre\17.0.13-win32-x86_64\bin\msvcp140.dll
0x00007ff90a3d0000 - 0x00007ff90b03b000 	c:\Users\Jos\.vscode\extensions\redhat.java-1.38.0-win32-x64\jre\17.0.13-win32-x86_64\bin\server\jvm.dll
0x00007ff980780000 - 0x00007ff980831000 	C:\Windows\System32\ADVAPI32.dll
0x00007ff981610000 - 0x00007ff9816b1000 	C:\Windows\System32\sechost.dll
0x00007ff97f020000 - 0x00007ff97f047000 	C:\Windows\System32\bcrypt.dll
0x00007ff97fa10000 - 0x00007ff97fb31000 	C:\Windows\System32\RPCRT4.dll
0x00007ff9815a0000 - 0x00007ff98160f000 	C:\Windows\System32\WS2_32.dll
0x00007ff97eab0000 - 0x00007ff97eafd000 	C:\Windows\SYSTEM32\POWRPROF.dll
0x00007ff9797c0000 - 0x00007ff9797f3000 	C:\Windows\SYSTEM32\WINMM.dll
0x00007ff97a3a0000 - 0x00007ff97a3aa000 	C:\Windows\SYSTEM32\VERSION.dll
0x00007ff97e9a0000 - 0x00007ff97e9b3000 	C:\Windows\SYSTEM32\UMPDC.dll
0x00007ff97e090000 - 0x00007ff97e0a8000 	C:\Windows\SYSTEM32\kernel.appcore.dll
0x00007ff96adf0000 - 0x00007ff96adfa000 	c:\Users\Jos\.vscode\extensions\redhat.java-1.38.0-win32-x64\jre\17.0.13-win32-x86_64\bin\jimage.dll
0x00007ff977980000 - 0x00007ff977ba1000 	C:\Windows\SYSTEM32\DBGHELP.DLL
0x00007ff9773d0000 - 0x00007ff977401000 	C:\Windows\SYSTEM32\dbgcore.DLL
0x00007ff97f7b0000 - 0x00007ff97f82f000 	C:\Windows\System32\bcryptPrimitives.dll
0x00007ff96aa60000 - 0x00007ff96aa6e000 	c:\Users\Jos\.vscode\extensions\redhat.java-1.38.0-win32-x64\jre\17.0.13-win32-x86_64\bin\instrument.dll
0x00007ff95c320000 - 0x00007ff95c345000 	c:\Users\Jos\.vscode\extensions\redhat.java-1.38.0-win32-x64\jre\17.0.13-win32-x86_64\bin\java.dll
0x00007ff968b50000 - 0x00007ff968b68000 	c:\Users\Jos\.vscode\extensions\redhat.java-1.38.0-win32-x64\jre\17.0.13-win32-x86_64\bin\zip.dll
0x00007ff97ffb0000 - 0x00007ff980776000 	C:\Windows\System32\SHELL32.dll
0x00007ff97d100000 - 0x00007ff97d964000 	C:\Windows\SYSTEM32\windows.storage.dll
0x00007ff980ad0000 - 0x00007ff980e46000 	C:\Windows\System32\combase.dll
0x00007ff97cf90000 - 0x00007ff97d0f7000 	C:\Windows\SYSTEM32\wintypes.dll
0x00007ff980e50000 - 0x00007ff980f3a000 	C:\Windows\System32\SHCORE.dll
0x00007ff981820000 - 0x00007ff98187d000 	C:\Windows\System32\shlwapi.dll
0x00007ff97ef50000 - 0x00007ff97ef71000 	C:\Windows\SYSTEM32\profapi.dll
0x00007ff9653b0000 - 0x00007ff9653c9000 	C:\Users\Jos\.vscode\extensions\redhat.java-1.38.0-win32-x64\jre\17.0.13-win32-x86_64\bin\net.dll
0x00007ff979c40000 - 0x00007ff979d54000 	C:\Windows\SYSTEM32\WINHTTP.dll
0x00007ff97e510000 - 0x00007ff97e577000 	C:\Windows\system32\mswsock.dll
0x00007ff9652b0000 - 0x00007ff9652c6000 	C:\Users\Jos\.vscode\extensions\redhat.java-1.38.0-win32-x64\jre\17.0.13-win32-x86_64\bin\nio.dll
0x00007ff96a830000 - 0x00007ff96a840000 	c:\Users\Jos\.vscode\extensions\redhat.java-1.38.0-win32-x64\jre\17.0.13-win32-x86_64\bin\verify.dll
0x00007ff9596d0000 - 0x00007ff959715000 	C:\Users\Jos\AppData\Roaming\Code\User\globalStorage\redhat.java\1.38.0\config_ss_win\org.eclipse.equinox.launcher\org.eclipse.equinox.launcher.win32.win32.x86_64_1.2.1100.v20240722-2106\eclipse_11904.dll
0x00007ff9812e0000 - 0x00007ff98147a000 	C:\Windows\System32\ole32.dll
0x00007ff97e850000 - 0x00007ff97e868000 	C:\Windows\SYSTEM32\CRYPTSP.dll
0x00007ff97dff0000 - 0x00007ff97e025000 	C:\Windows\system32\rsaenh.dll
0x00007ff97e5b0000 - 0x00007ff97e5d9000 	C:\Windows\SYSTEM32\USERENV.dll
0x00007ff97e700000 - 0x00007ff97e70c000 	C:\Windows\SYSTEM32\CRYPTBASE.dll
0x00007ff97dbc0000 - 0x00007ff97dbed000 	C:\Windows\SYSTEM32\IPHLPAPI.DLL
0x00007ff981510000 - 0x00007ff981519000 	C:\Windows\System32\NSI.dll
0x00007ff9796e0000 - 0x00007ff9796f9000 	C:\Windows\SYSTEM32\dhcpcsvc6.DLL
0x00007ff97ab80000 - 0x00007ff97ab9e000 	C:\Windows\SYSTEM32\dhcpcsvc.DLL
0x00007ff97dbf0000 - 0x00007ff97dcd7000 	C:\Windows\SYSTEM32\DNSAPI.dll
0x00007ff9391d0000 - 0x00007ff939219000 	C:\Users\Jos\AppData\Local\Temp\jna-74670\jna17211251249813177814.dll
0x00007ff981500000 - 0x00007ff981508000 	C:\Windows\System32\PSAPI.DLL

dbghelp: loaded successfully - version: 4.0.5 - missing functions: none
symbol engine: initialized successfully - sym options: 0x614 - pdb path: .;c:\Users\Jos\.vscode\extensions\redhat.java-1.38.0-win32-x64\jre\17.0.13-win32-x86_64\bin;C:\Windows\SYSTEM32;C:\Program Files\Avast Software\Avast;C:\Windows\WinSxS\amd64_microsoft.windows.common-controls_6595b64144ccf1df_6.0.22000.2600_none_1b65155c6ae217ae;c:\Users\Jos\.vscode\extensions\redhat.java-1.38.0-win32-x64\jre\17.0.13-win32-x86_64\bin\server;C:\Users\Jos\AppData\Roaming\Code\User\globalStorage\redhat.java\1.38.0\config_ss_win\org.eclipse.equinox.launcher\org.eclipse.equinox.launcher.win32.win32.x86_64_1.2.1100.v20240722-2106;C:\Users\Jos\AppData\Local\Temp\jna-74670

VM Arguments:
jvm_args: --add-modules=ALL-SYSTEM --add-opens=java.base/java.util=ALL-UNNAMED --add-opens=java.base/java.lang=ALL-UNNAMED --add-opens=java.base/sun.nio.fs=ALL-UNNAMED -Declipse.application=org.eclipse.jdt.ls.core.id1 -Dosgi.bundles.defaultStartLevel=4 -Declipse.product=org.eclipse.jdt.ls.core.product -Djava.import.generatesMetadataFilesAtProjectRoot=false -DDetectVMInstallationsJob.disabled=true -Dfile.encoding=utf8 -XX:+UseParallelGC -XX:GCTimeRatio=4 -XX:AdaptiveSizePolicyWeight=90 -Dsun.zip.disableMemoryMapping=true -Xmx1G -Xms100m -Xlog:disable -javaagent:c:\Users\Jos\.vscode\extensions\redhat.java-1.38.0-win32-x64\lombok\lombok-1.18.34.jar 
java_command: c:\Users\Jos\.vscode\extensions\redhat.java-1.38.0-win32-x64\server\plugins\org.eclipse.equinox.launcher_1.6.900.v20240613-2009.jar -configuration c:\Users\Jos\AppData\Roaming\Code\User\globalStorage\redhat.java\1.38.0\config_ss_win -data c:\Users\Jos\AppData\Roaming\Code\User\workspaceStorage\91726122bba814fcf3484ba94a0258a4\redhat.java\ss_ws --pipe=\\.\pipe\lsp-0fa0b08134ff48293078c1df52bead34-sock
java_class_path (initial): c:\Users\Jos\.vscode\extensions\redhat.java-1.38.0-win32-x64\server\plugins\org.eclipse.equinox.launcher_1.6.900.v20240613-2009.jar
Launcher Type: SUN_STANDARD

[Global flags]
    uintx AdaptiveSizePolicyWeight                 = 90                                        {product} {command line}
     intx CICompilerCount                          = 3                                         {product} {ergonomic}
    uintx GCTimeRatio                              = 4                                         {product} {command line}
   size_t InitialHeapSize                          = 104857600                                 {product} {command line}
   size_t MaxHeapSize                              = 1073741824                                {product} {command line}
   size_t MaxNewSize                               = 357564416                                 {product} {ergonomic}
   size_t MinHeapDeltaBytes                        = 524288                                    {product} {ergonomic}
   size_t MinHeapSize                              = 104857600                                 {product} {command line}
   size_t NewSize                                  = 34603008                                  {product} {ergonomic}
    uintx NonNMethodCodeHeapSize                   = 5832780                                {pd product} {ergonomic}
    uintx NonProfiledCodeHeapSize                  = 122912730                              {pd product} {ergonomic}
   size_t OldSize                                  = 70254592                                  {product} {ergonomic}
    uintx ProfiledCodeHeapSize                     = 122912730                              {pd product} {ergonomic}
    uintx ReservedCodeCacheSize                    = 251658240                              {pd product} {ergonomic}
     bool SegmentedCodeCache                       = true                                      {product} {ergonomic}
   size_t SoftMaxHeapSize                          = 1073741824                             {manageable} {ergonomic}
     bool UseCompressedClassPointers               = true                           {product lp64_product} {ergonomic}
     bool UseCompressedOops                        = true                           {product lp64_product} {ergonomic}
     bool UseLargePagesIndividualAllocation        = false                                  {pd product} {ergonomic}
     bool UseParallelGC                            = true                                      {product} {command line}

Logging:
Log output configuration:
 #0: stdout all=off uptime,level,tags
 #1: stderr all=off uptime,level,tags

Environment Variables:
JAVA_HOME=C:\Program Files\Java\jdk-21
CLASSPATH=.;D:\librairie\postgresql-42.6.0.jar;D:\software\Xampp\xamp\tomcat\lib\servlet-api.jar;D:\variable env\gson-2.8.2.jar;
PATH=F:\app\Jos\product\11.2.0\dbhome_1\bin;F:\app\Jos\product\11.2.0\dbhome_2\bin;C:\Program Files\Common Files\Oracle\Java\javapath;C:\Program Files (x86)\Common Files\Oracle\Java\javapath;C:\Windows\system32;C:\Windows;C:\Windows\System32\Wbem;C:\Windows\System32\WindowsPowerShell\v1.0\;C:\Windows\System32\OpenSSH\;D:\software\vs code\Microsoft VS Code\bin;D:\software\postgres-gis\PostgreSQL\16\bin;D:\software\apache-maven-3.9.9-bin\apache-maven-3.9.9\bin;D:\software\wildfly\wildfly-26.1.2.Final\wildfly-26.1.2.Final\bin;D:\software\nodejs\;D:\software\apache-ant\apache-ant-1.10.15-bin\apache-ant-1.10.15\bin;D:\app\PC\product\11.2.0\dbhome_1\jdk\bin;C:\Python27;D:\software\Git\Git\cmd;C:\Program Files\dotnet\;D:\software\Xampp\xamp\php;D:\software\symfony-cli_windows_amd64;C:\Program Files\Docker\Docker\resources\bin;C:\Users\Jos\AppData\Local\Programs\Python\Python312\Scripts;C:\Users\Jos\AppData\Local\Programs\Python\Launcher\;C:\Users\Jos\AppData\Local\Microsoft\WindowsApps;C:\Users\Jos\AppData\Local\GitHubDesktop\bin;C:\Users\Jos\AppData\Roaming\npm;C:\Users\Jos\.dotnet\tools
USERNAME=Jos
OS=Windows_NT
PROCESSOR_IDENTIFIER=Intel64 Family 6 Model 94 Stepping 3, GenuineIntel
TMP=C:\Users\Jos\AppData\Local\Temp
TEMP=C:\Users\Jos\AppData\Local\Temp



Periodic native trim disabled


---------------  S Y S T E M  ---------------

OS:
 Windows 11 , 64 bit Build 22000 (10.0.22000.2836)
OS uptime: 14 days 8:22 hours
Hyper-V role detected

CPU: total 4 (initial active 4) (4 cores per cpu, 1 threads per core) family 6 model 94 stepping 3 microcode 0xd6, cx8, cmov, fxsr, mmx, 3dnowpref, sse, sse2, sse3, ssse3, sse4.1, sse4.2, popcnt, lzcnt, tsc, tscinvbit, avx, avx2, aes, erms, clmul, bmi1, bmi2, rtm, adx, fma, vzeroupper, clflush, clflushopt, hv
Processor Information for all 4 processors :
  Max Mhz: 2304, Current Mhz: 2304, Mhz Limit: 2304

Memory: 4k page, system-wide physical 16258M (1114M free)
TotalPageFile size 31453M (AvailPageFile size 8M)
current process WorkingSet (physical memory assigned to process): 129M, peak: 130M
current process commit charge ("private bytes"): 222M, peak: 224M

vm_info: OpenJDK 64-Bit Server VM (17.0.13+11) for windows-amd64 JRE (17.0.13+11), built on Oct 16 2024 00:10:08 by "admin" with MS VC++ 17.7 (VS2022)

END.
